1615182773604	geckodriver	INFO	Listening on 127.0.0.1:57983
1615182776588	mozrunner::runner	INFO	Running command: "C:\\Program Files\\Mozilla Firefox\\firefox.exe" "--marionette" "--no-sandbox" "log-level=3" "--disable-gpu" "-foreground" "-no-remote" "-profile" "C:\\Users\\shinelon\\AppData\\Local\\Temp\\rust_mozprofileaLF0qq"
Can't find symbol 'eglSwapBuffersWithDamageEXT'.
Can't find symbol 'eglSetDamageRegionKHR'.
JavaScript error: resource://gre/modules/XULStore.jsm, line 66: Error: Can't find profile directory.
console.warn: SearchSettings: "get: No settings file exists, new profile?" (new Error("", "(unknown module)"))
1615182779066	Marionette	INFO	Listening on port 57996
1615182779213	Marionette	WARN	TLS certificate errors will be ignored for this session
JavaScript error: https://img.hexun.com/2016/pc/ad/bannercode/js/201808070942/articleAB.js, line 54: ReferenceError: jQuery is not defined
JavaScript error: https://img.hexun.com/2016/pc/ad/bannercode/js/201808070942/appDplus.js, line 2: ReferenceError: jQuery is not defined
Can't find symbol 'eglSwapBuffersWithDamageEXT'.
Can't find symbol 'eglSetDamageRegionKHR'.
JavaScript error: https://sofire.bdstatic.com/js/dfxaf.js, line 2: TypeError: t[_0xe58d(...)](...) is null
JavaScript error: https://sofire.bdstatic.com/js/dfxaf.js, line 2: TypeError: t[_0xe58d(...)](...) is null
JavaScript error: https://sofire.bdstatic.com/js/dfxaf.js, line 2: TypeError: t[_0xe58d(...)](...) is null
JavaScript error: https://sofire.bdstatic.com/js/dfxaf.js, line 2: TypeError: t[_0xe58d(...)](...) is null
JavaScript error: http://bdimg.share.baidu.com/static/api/js/trans/logger.js?v=60603cb3.js, line 1: TypeError: n.ajax.request is not a function
JavaScript error: https://sofire.bdstatic.com/js/dfxaf.js, line 2: TypeError: t[_0xe58d(...)](...) is null
JavaScript error: https://sofire.bdstatic.com/js/dfxaf.js, line 2: TypeError: t[_0xe58d(...)](...) is null
JavaScript error: https://sofire.bdstatic.com/js/dfxaf.js, line 2: TypeError: t[_0xe58d(...)](...) is null
JavaScript error: https://sofire.bdstatic.com/js/dfxaf.js, line 2: TypeError: t[_0xe58d(...)](...) is null
JavaScript error: https://sofire.bdstatic.com/js/dfxaf.js, line 2: TypeError: t[_0xe58d(...)](...) is null
JavaScript error: https://sofire.bdstatic.com/js/dfxaf.js, line 2: TypeError: t[_0xe58d(...)](...) is null
JavaScript error: https://sofire.bdstatic.com/js/dfxaf.js, line 2: TypeError: t[_0xe58d(...)](...) is null
JavaScript error: http://bdimg.share.baidu.com/static/api/js/trans/logger.js?v=60603cb3.js, line 1: TypeError: n.ajax.request is not a function
1615182812997	Marionette	INFO	Stopped listening on port 57996

###!!! [Child][RunMessage] Error: Channel closing: too late to send/recv, messages will be lost


###!!! [Child][MessageChannel::SendAndWait] Error: Channel error: cannot send/recv

